<?xml version="1.0" encoding="UTF-8"?>
<testsuite xmlns:xsi="http://www.w3.org/2001/XMLSchema-instance" xsi:noNamespaceSchemaLocation="https://maven.apache.org/surefire/maven-surefire-plugin/xsd/surefire-test-report.xsd" version="3.0.2" name="com.example.sprint_service.service.SprintServiceTest" time="0.092" tests="4" errors="0" skipped="0" failures="0" flakes="0">
  <properties>
[...]
</properties>
  <testcase name="addWorkItemRejectsDuplicateInSprint" classname="com.example.sprint_service.service.SprintServiceTest" time="0.082"/>
  <testcase name="calculateCapacityDetectsOverloadAndAssigneeLoad" classname="com.example.sprint_service.service.SprintServiceTest" time="0.004"/>
  <testcase name="createSprintValidatesProjectAndPublishesEvent" classname="com.example.sprint_service.service.SprintServiceTest" time="0.001"/>
  <testcase name="addWorkItemRejectsDifferentProject" classname="com.example.sprint_service.service.SprintServiceTest" time="0.001"/>
</testsuite>